<?xml version="1.0" encoding="UTF-8"?>
<!-- Generated by org.testng.reporters.JUnitReportReporter -->
<testsuite hostname="DESKTOP-8SBS14A" failures="0" tests="4" name="com.magento.scripts.VerifyMyOrders" time="37.821" errors="0" timestamp="2023-09-03T01:32:03 IST" skipped="0">
  <testcase classname="com.magento.scripts.VerifyMyOrders" name="myOrdersVerification" time="7.739"/>
  <system-out/>
  <testcase classname="com.magento.scripts.VerifyMyOrders" name="verifyViewOrders" time="8.967"/>
  <system-out/>
  <testcase classname="com.magento.scripts.VerifyMyOrders" name="verifyReorderItem" time="11.675"/>
  <system-out/>
  <testcase classname="com.magento.scripts.VerifyMyOrders" name="verifyEntries" time="9.440"/>
  <system-out/>
</testsuite> <!-- com.magento.scripts.VerifyMyOrders -->
