<?xml version="1.0" encoding="UTF-8"?>
<!-- Generated by org.testng.reporters.JUnitReportReporter -->
<testsuite hostname="DESKTOP-8SBS14A" failures="0" tests="1" name="com.magento.scripts.VerifyAddressBook" time="10.644" errors="0" timestamp="2023-09-03T01:32:03 IST" skipped="0">
  <testcase classname="com.magento.scripts.VerifyAddressBook" name="addressValidVerification" time="10.644"/>
  <system-out/>
</testsuite> <!-- com.magento.scripts.VerifyAddressBook -->
