<?xml version="1.0" encoding="UTF-8"?>
<!-- Generated by org.testng.reporters.JUnitReportReporter -->
<testsuite hostname="DESKTOP-8SBS14A" failures="0" tests="1" name="com.magento.scripts.VerifyLogin" time="6.211" errors="0" timestamp="2023-09-04T15:10:11 IST" skipped="0">
  <testcase classname="com.magento.scripts.VerifyLogin" name="verifyEmptPass" time="6.211"/>
  <system-out/>
</testsuite> <!-- com.magento.scripts.VerifyLogin -->
